<?xml version="1.0" encoding="UTF-8"?>
<testsuite xmlns:xsi="http://www.w3.org/2001/XMLSchema-instance" xsi:noNamespaceSchemaLocation="https://maven.apache.org/surefire/maven-surefire-plugin/xsd/surefire-test-report-3.0.xsd" version="3.0" name="com.springboot.schoolassistantapi.SchoolAssistantApiApplicationTests" time="3.803" tests="1" errors="0" skipped="0" failures="0">
  <properties>
[...]
</properties>
  <testcase name="contextLoads" classname="com.springboot.schoolassistantapi.SchoolAssistantApiApplicationTests" time="1.215">
    <system-out><![CDATA[14:45:40.441 [main] INFO org.springframework.test.context.support.AnnotationConfigContextLoaderUtils -- Could not detect default configuration classes for test class [com.springboot.schoolassistantapi.SchoolAssistantApiApplicationTests]: SchoolAssistantApiApplicationTests does not declare any static, non-private, non-final, nested classes annotated with @Configuration.
14:45:40.661 [main] INFO org.springframework.boot.test.context.SpringBootTestContextBootstrapper -- Found @SpringBootConfiguration com.springboot.schoolassistantapi.SchoolAssistantApiApplication for test class com.springboot.schoolassistantapi.SchoolAssistantApiApplicationTests

  .   ____          _            __ _ _
 /\\ / ___'_ __ _ _(_)_ __  __ _ \ \ \ \
( ( )\___ | '_ | '_| | '_ \/ _` | \ \ \ \
 \\/  ___)| |_)| | | | | || (_| |  ) ) ) )
  '  |____| .__|_| |_|_| |_\__, | / / / /
 =========|_|==============|___/=/_/_/_/
 :: Spring Boot ::                (v3.1.5)

2023-11-16T14:45:41.250+01:00  INFO 12828 --- [           main] c.s.s.SchoolAssistantApiApplicationTests : Starting SchoolAssistantApiApplicationTests using Java 17.0.6 with PID 12828 (started by pc in C:\Users\pc\git\school-assistant\school-assistant-api)
2023-11-16T14:45:41.253+01:00  INFO 12828 --- [           main] c.s.s.SchoolAssistantApiApplicationTests : No active profile set, falling back to 1 default profile: "default"
2023-11-16T14:45:42.769+01:00  INFO 12828 --- [           main] c.s.s.SchoolAssistantApiApplicationTests : Started SchoolAssistantApiApplicationTests in 1.884 seconds (process running for 3.502)
]]></system-out>
  </testcase>
</testsuite>